<?xml version="1.0" encoding="UTF-8"?>
<!-- Generated by org.testng.reporters.JUnitXMLReporter -->
<testsuite hostname="NEX-KMA-5G0PNX1" name="LPEIE" tests="1" failures="1" timestamp="27 Apr 2017 19:45:40 GMT" time="12.584" errors="0">
  <testcase name="lpeFormSubmit" time="0.001" classname="Testing.LPEFormSubmission">
    <failure type="java.io.FileNotFoundException" message="config.properties (The system cannot find the file specified)">
      <![CDATA[java.io.FileNotFoundException: config.properties (The system cannot find the file specified)
	at java.io.FileInputStream.open0(Native Method)
	at java.io.FileInputStream.open(FileInputStream.java:195)
	at java.io.FileInputStream.<init>(FileInputStream.java:138)
	at java.io.FileInputStream.<init>(FileInputStream.java:93)
	at Testing.LPEFormSubmission.loadPropertyFile(LPEFormSubmission.java:247)
	at Testing.LPEFormSubmission.lpeFormSubmit(LPEFormSubmission.java:50)
	at java.util.concurrent.FutureTask.run(FutureTask.java:266)
	at java.util.concurrent.ThreadPoolExecutor.runWorker(ThreadPoolExecutor.java:1142)
	at java.util.concurrent.ThreadPoolExecutor$Worker.run(ThreadPoolExecutor.java:617)
	at java.lang.Thread.run(Thread.java:745)
... Removed 16 stack frames]]>
    </failure>
  </testcase> <!-- lpeFormSubmit -->
</testsuite> <!-- LPEIE -->
