-------------------------------------------------------------------------------
Test set: TestSuite
-------------------------------------------------------------------------------
Tests run: 5, Failures: 3, Errors: 0, Skipped: 2, Time elapsed: 50.146 s <<< FAILURE! - in TestSuite
lpeFormSubmit(Testing.LPEFormSubmission)  Time elapsed: 0.007 s  <<< FAILURE!
java.io.FileNotFoundException: config.properties (The system cannot find the file specified)
	at Testing.LPEFormSubmission.loadPropertyFile(LPEFormSubmission.java:247)
	at Testing.LPEFormSubmission.lpeFormSubmit(LPEFormSubmission.java:50)

lpeFormSubmit(Testing.LPEFormSubmission)  Time elapsed: 0 s  <<< FAILURE!
java.io.FileNotFoundException: config.properties (The system cannot find the file specified)
	at Testing.LPEFormSubmission.loadPropertyFile(LPEFormSubmission.java:247)
	at Testing.LPEFormSubmission.lpeFormSubmit(LPEFormSubmission.java:50)

setup(Testing.LPEFormSubmission)  Time elapsed: 38.068 s  <<< FAILURE!
org.openqa.selenium.WebDriverException: 
Failed to connect to binary FirefoxBinary(C:\Program Files (x86)\Mozilla Firefox\firefox.exe) on port 7055; process output follows: 
witt.com.xpi
1493322332634	addons.xpi	DEBUG	Calling bootstrap method startup on firebug@software.joehewitt.com version 2.0.19
1493322332643	addons.xpi	DEBUG	Registering manifest for C:\Program Files (x86)\Mozilla Firefox\browser\features\firefox@getpocket.com.xpi
1493322332644	addons.xpi	DEBUG	Loading bootstrap scope from C:\Program Files (x86)\Mozilla Firefox\browser\features\firefox@getpocket.com.xpi
1493322332647	addons.xpi	DEBUG	Calling bootstrap method startup on firefox@getpocket.com version 1.0.5
1493322332653	addons.xpi-utils	DEBUG	Starting async load of XPI database C:\Users\KMALLE~1\AppData\Local\Temp\anonymous9209725634266732735webdriver-profile\extensions.json
1493322332654	addons.xpi	DEBUG	Registering manifest for C:\Program Files (x86)\Mozilla Firefox\browser\features\webcompat@mozilla.org.xpi
1493322332654	addons.xpi	DEBUG	Loading bootstrap scope from C:\Program Files (x86)\Mozilla Firefox\browser\features\webcompat@mozilla.org.xpi
1493322332656	addons.xpi	DEBUG	Calling bootstrap method startup on webcompat@mozilla.org version 1.0
1493322332658	addons.manager	DEBUG	Registering shutdown blocker for XPIProvider
1493322332658	addons.manager	DEBUG	Provider finished startup: XPIProvider
1493322332658	addons.manager	DEBUG	Starting provider: LightweightThemeManager
1493322332658	addons.manager	DEBUG	Registering shutdown blocker for LightweightThemeManager
1493322332659	addons.manager	DEBUG	Provider finished startup: LightweightThemeManager
1493322332659	addons.manager	DEBUG	Starting provider: GMPProvider
1493322332665	addons.manager	DEBUG	Registering shutdown blocker for GMPProvider
1493322332665	addons.manager	DEBUG	Provider finished startup: GMPProvider
1493322332665	addons.manager	DEBUG	Starting provider: PluginProvider
1493322332665	addons.manager	DEBUG	Registering shutdown blocker for PluginProvider
1493322332665	addons.manager	DEBUG	Provider finished startup: PluginProvider
1493322332666	addons.manager	DEBUG	Completed startup sequence
1493322332899	addons.xpi-utils	DEBUG	Async JSON file read took 0 MS
1493322332900	addons.xpi-utils	DEBUG	Finished async read of XPI database, parsing...
1493322332902	addons.xpi-utils	DEBUG	Successfully read XPI database
1493322332914	addons.manager	DEBUG	Starting provider: <unnamed-provider>
1493322332914	addons.manager	DEBUG	Registering shutdown blocker for <unnamed-provider>
1493322332914	addons.manager	DEBUG	Provider finished startup: <unnamed-provider>
*** Blocklist::_loadBlocklistFromFile: blocklist is disabled
1493322332999	addons.manager	DEBUG	Starting provider: PreviousExperimentProvider
1493322332999	addons.manager	DEBUG	Registering shutdown blocker for PreviousExperimentProvider
1493322332999	addons.manager	DEBUG	Provider finished startup: PreviousExperimentProvider
1493322356305	addons.xpi	DEBUG	Calling bootstrap method shutdown on webcompat@mozilla.org version 1.0
1493322356306	addons.xpi	DEBUG	Calling bootstrap method shutdown on firefox@getpocket.com version 1.0.5
1493322356306	addons.xpi	DEBUG	Calling bootstrap method shutdown on firebug@software.joehewitt.com version 2.0.19
1493322356307	addons.xpi	DEBUG	Calling bootstrap method shutdown on e10srollout@mozilla.org version 1.14
1493322356308	addons.xpi	DEBUG	Calling bootstrap method shutdown on aushelper@mozilla.org version 2.0
1493322356475	addons.manager	DEBUG	shutdown
1493322356475	addons.manager	DEBUG	Calling shutdown blocker for XPIProvider
1493322356476	addons.xpi	DEBUG	shutdown
1493322356476	addons.xpi-utils	DEBUG	shutdown
1493322356476	addons.manager	DEBUG	Calling shutdown blocker for LightweightThemeManager
1493322356476	addons.manager	DEBUG	Calling shutdown blocker for GMPProvider
1493322356478	addons.manager	DEBUG	Calling shutdown blocker for PluginProvider
1493322356479	addons.manager	DEBUG	Calling shutdown blocker for <unnamed-provider>
1493322356480	addons.manager	DEBUG	Calling shutdown blocker for PreviousExperimentProvider
1493322356482	addons.xpi	DEBUG	Notifying XPI shutdown observers
1493322356486	addons.manager	DEBUG	Async provider shutdown done

Build info: version: '2.45.0', revision: '5017cb8e7ca8e37638dc3091b2440b90a1d8686f', time: '2015-02-27 09:10:26'
System info: host: 'NEX-KMA-5G0PNX1', ip: '192.168.9.28', os.name: 'Windows 7', os.arch: 'amd64', os.version: '6.1', java.version: '1.8.0_112'
Driver info: driver.version: FirefoxDriver
	at Testing.LPEFormSubmission.setup(LPEFormSubmission.java:233)
Caused by: org.openqa.selenium.firefox.NotConnectedException: 
Unable to connect to host 127.0.0.1 on port 7055 after 45000 ms. Firefox console output:
witt.com.xpi
1493322332634	addons.xpi	DEBUG	Calling bootstrap method startup on firebug@software.joehewitt.com version 2.0.19
1493322332643	addons.xpi	DEBUG	Registering manifest for C:\Program Files (x86)\Mozilla Firefox\browser\features\firefox@getpocket.com.xpi
1493322332644	addons.xpi	DEBUG	Loading bootstrap scope from C:\Program Files (x86)\Mozilla Firefox\browser\features\firefox@getpocket.com.xpi
1493322332647	addons.xpi	DEBUG	Calling bootstrap method startup on firefox@getpocket.com version 1.0.5
1493322332653	addons.xpi-utils	DEBUG	Starting async load of XPI database C:\Users\KMALLE~1\AppData\Local\Temp\anonymous9209725634266732735webdriver-profile\extensions.json
1493322332654	addons.xpi	DEBUG	Registering manifest for C:\Program Files (x86)\Mozilla Firefox\browser\features\webcompat@mozilla.org.xpi
1493322332654	addons.xpi	DEBUG	Loading bootstrap scope from C:\Program Files (x86)\Mozilla Firefox\browser\features\webcompat@mozilla.org.xpi
1493322332656	addons.xpi	DEBUG	Calling bootstrap method startup on webcompat@mozilla.org version 1.0
1493322332658	addons.manager	DEBUG	Registering shutdown blocker for XPIProvider
1493322332658	addons.manager	DEBUG	Provider finished startup: XPIProvider
1493322332658	addons.manager	DEBUG	Starting provider: LightweightThemeManager
1493322332658	addons.manager	DEBUG	Registering shutdown blocker for LightweightThemeManager
1493322332659	addons.manager	DEBUG	Provider finished startup: LightweightThemeManager
1493322332659	addons.manager	DEBUG	Starting provider: GMPProvider
1493322332665	addons.manager	DEBUG	Registering shutdown blocker for GMPProvider
1493322332665	addons.manager	DEBUG	Provider finished startup: GMPProvider
1493322332665	addons.manager	DEBUG	Starting provider: PluginProvider
1493322332665	addons.manager	DEBUG	Registering shutdown blocker for PluginProvider
1493322332665	addons.manager	DEBUG	Provider finished startup: PluginProvider
1493322332666	addons.manager	DEBUG	Completed startup sequence
1493322332899	addons.xpi-utils	DEBUG	Async JSON file read took 0 MS
1493322332900	addons.xpi-utils	DEBUG	Finished async read of XPI database, parsing...
1493322332902	addons.xpi-utils	DEBUG	Successfully read XPI database
1493322332914	addons.manager	DEBUG	Starting provider: <unnamed-provider>
1493322332914	addons.manager	DEBUG	Registering shutdown blocker for <unnamed-provider>
1493322332914	addons.manager	DEBUG	Provider finished startup: <unnamed-provider>
*** Blocklist::_loadBlocklistFromFile: blocklist is disabled
1493322332999	addons.manager	DEBUG	Starting provider: PreviousExperimentProvider
1493322332999	addons.manager	DEBUG	Registering shutdown blocker for PreviousExperimentProvider
1493322332999	addons.manager	DEBUG	Provider finished startup: PreviousExperimentProvider
1493322356305	addons.xpi	DEBUG	Calling bootstrap method shutdown on webcompat@mozilla.org version 1.0
1493322356306	addons.xpi	DEBUG	Calling bootstrap method shutdown on firefox@getpocket.com version 1.0.5
1493322356306	addons.xpi	DEBUG	Calling bootstrap method shutdown on firebug@software.joehewitt.com version 2.0.19
1493322356307	addons.xpi	DEBUG	Calling bootstrap method shutdown on e10srollout@mozilla.org version 1.14
1493322356308	addons.xpi	DEBUG	Calling bootstrap method shutdown on aushelper@mozilla.org version 2.0
1493322356475	addons.manager	DEBUG	shutdown
1493322356475	addons.manager	DEBUG	Calling shutdown blocker for XPIProvider
1493322356476	addons.xpi	DEBUG	shutdown
1493322356476	addons.xpi-utils	DEBUG	shutdown
1493322356476	addons.manager	DEBUG	Calling shutdown blocker for LightweightThemeManager
1493322356476	addons.manager	DEBUG	Calling shutdown blocker for GMPProvider
1493322356478	addons.manager	DEBUG	Calling shutdown blocker for PluginProvider
1493322356479	addons.manager	DEBUG	Calling shutdown blocker for <unnamed-provider>
1493322356480	addons.manager	DEBUG	Calling shutdown blocker for PreviousExperimentProvider
1493322356482	addons.xpi	DEBUG	Notifying XPI shutdown observers
1493322356486	addons.manager	DEBUG	Async provider shutdown done

	at Testing.LPEFormSubmission.setup(LPEFormSubmission.java:233)

