<?xml version="1.0" encoding="UTF-8"?>
<!-- Generated by org.testng.reporters.JUnitXMLReporter -->
<testsuite hostname="NEX-KMA-5G0PNX1" name="LPEChrome" tests="1" failures="0" timestamp="27 Apr 2017 17:58:14 GMT" time="0.417" errors="0">
  <testcase name="@BeforeTest setup" time="0.0" classname="Testing.LPEFormSubmission">
    <failure type="java.lang.IllegalStateException" message="The driver executable does not exist: C:\Users\kmallepalli\workspacemine\LPETestNG\Drivers\chromedriver.exe">
      <![CDATA[java.lang.IllegalStateException: The driver executable does not exist: C:\Users\kmallepalli\workspacemine\LPETestNG\Drivers\chromedriver.exe
	at com.google.common.base.Preconditions.checkState(Preconditions.java:197)
	at org.openqa.selenium.remote.service.DriverService.checkExecutable(DriverService.java:122)
	at org.openqa.selenium.remote.service.DriverService.findExecutable(DriverService.java:117)
	at org.openqa.selenium.chrome.ChromeDriverService.access$000(ChromeDriverService.java:32)
	at org.openqa.selenium.chrome.ChromeDriverService$Builder.findDefaultExecutable(ChromeDriverService.java:118)
	at org.openqa.selenium.remote.service.DriverService$Builder.build(DriverService.java:291)
	at org.openqa.selenium.chrome.ChromeDriverService.createDefaultService(ChromeDriverService.java:82)
	at org.openqa.selenium.chrome.ChromeDriver.<init>(ChromeDriver.java:117)
	at Testing.LPEFormSubmission.setup(LPEFormSubmission.java:200)
	at java.util.concurrent.FutureTask.run(FutureTask.java:266)
	at java.util.concurrent.ThreadPoolExecutor.runWorker(ThreadPoolExecutor.java:1142)
	at java.util.concurrent.ThreadPoolExecutor$Worker.run(ThreadPoolExecutor.java:617)
	at java.lang.Thread.run(Thread.java:745)
... Removed 14 stack frames]]>
    </failure>
  </testcase> <!-- @BeforeTest setup -->
  <testcase name="@AfterTest closeBrowser" time="0.0" classname="Testing.LPEFormSubmission">
    <skipped/>
  </testcase> <!-- @AfterTest closeBrowser -->
  <testcase name="lpeFormSubmit" time="0.002" classname="Testing.LPEFormSubmission">
    <skipped/>
  </testcase> <!-- lpeFormSubmit -->
</testsuite> <!-- LPEChrome -->
