<?xml version="1.0" encoding="UTF-8"?>
<!-- Generated by org.testng.reporters.JUnitXMLReporter -->
<testsuite hostname="NEX-KMA-5G0PNX1" name="LPEIE" tests="1" failures="0" timestamp="27 Apr 2017 17:58:14 GMT" time="0.419" errors="0">
  <testcase name="@BeforeTest setup" time="0.0" classname="Testing.LPEFormSubmission">
    <failure type="java.lang.IllegalStateException" message="The driver executable does not exist: C:\Users\kmallepalli\workspacemine\LPETestNG\Drivers\IEDriverServer.exe">
      <![CDATA[java.lang.IllegalStateException: The driver executable does not exist: C:\Users\kmallepalli\workspacemine\LPETestNG\Drivers\IEDriverServer.exe
	at com.google.common.base.Preconditions.checkState(Preconditions.java:197)
	at org.openqa.selenium.remote.service.DriverService.checkExecutable(DriverService.java:122)
	at org.openqa.selenium.remote.service.DriverService.findExecutable(DriverService.java:117)
	at org.openqa.selenium.ie.InternetExplorerDriverService.access$000(InternetExplorerDriverService.java:32)
	at org.openqa.selenium.ie.InternetExplorerDriverService$Builder.findDefaultExecutable(InternetExplorerDriverService.java:167)
	at org.openqa.selenium.remote.service.DriverService$Builder.build(DriverService.java:291)
	at org.openqa.selenium.ie.InternetExplorerDriver.setupService(InternetExplorerDriver.java:251)
	at org.openqa.selenium.ie.InternetExplorerDriver.<init>(InternetExplorerDriver.java:172)
	at org.openqa.selenium.ie.InternetExplorerDriver.<init>(InternetExplorerDriver.java:150)
	at Testing.LPEFormSubmission.setup(LPEFormSubmission.java:218)
	at java.util.concurrent.FutureTask.run(FutureTask.java:266)
	at java.util.concurrent.ThreadPoolExecutor.runWorker(ThreadPoolExecutor.java:1142)
	at java.util.concurrent.ThreadPoolExecutor$Worker.run(ThreadPoolExecutor.java:617)
	at java.lang.Thread.run(Thread.java:745)
... Removed 14 stack frames]]>
    </failure>
  </testcase> <!-- @BeforeTest setup -->
  <testcase name="@AfterTest closeBrowser" time="0.0" classname="Testing.LPEFormSubmission">
    <skipped/>
  </testcase> <!-- @AfterTest closeBrowser -->
  <testcase name="lpeFormSubmit" time="0.001" classname="Testing.LPEFormSubmission">
    <skipped/>
  </testcase> <!-- lpeFormSubmit -->
</testsuite> <!-- LPEIE -->
